<?xml version="1.0" encoding="UTF-8"?>
<!-- Generated by org.testng.reporters.JUnitXMLReporter -->
<testsuite ignored="0" hostname="SHIFAT" failures="0" tests="6" name="Default test" time="14.489" errors="0" timestamp="2023-08-04T01:27:58 BDT">
  <testcase classname="api.test.DDTests" name="testPostuser" time="3.774"/>
  <testcase classname="api.test.DDTests" name="testPostuser" time="1.585"/>
  <testcase classname="api.test.DDTests" name="testPostuser" time="1.546"/>
  <testcase classname="api.test.DDTests" name="testDeleteUserByName" time="1.875"/>
  <testcase classname="api.test.DDTests" name="testDeleteUserByName" time="1.94"/>
  <testcase classname="api.test.DDTests" name="testDeleteUserByName" time="1.949"/>
</testsuite> <!-- Default test -->
