<?xml version="1.0" encoding="UTF-8"?>
<!-- Generated by org.testng.reporters.JUnitXMLReporter -->
<testsuite ignored="0" hostname="SHIFAT" failures="0" tests="14" name="PetTests" time="34.747" errors="0" timestamp="2023-08-11T01:05:31 BDT">
  <testcase classname="api.test.UserTests" name="testPostUser" time="4.774"/>
  <testcase classname="api.test.UserTests" name="testGetUserByName" time="1.815"/>
  <testcase classname="api.test.UserTests" name="testUpdateUserByName" time="3.259"/>
  <testcase classname="api.test.UserTests" name="testDeleteUserByName" time="2.625"/>
  <testcase classname="api.test.UserTests2" name="testPostUser" time="2.618"/>
  <testcase classname="api.test.UserTests2" name="testGetUserByName" time="2.141"/>
  <testcase classname="api.test.UserTests2" name="testUpdateUserByName" time="3.172"/>
  <testcase classname="api.test.UserTests2" name="testDeleteUserByName" time="1.537"/>
  <testcase classname="api.test.DDTests" name="testPostuser" time="1.707"/>
  <testcase classname="api.test.DDTests" name="testPostuser" time="1.632"/>
  <testcase classname="api.test.DDTests" name="testPostuser" time="1.634"/>
  <testcase classname="api.test.DDTests" name="testDeleteUserByName" time="1.804"/>
  <testcase classname="api.test.DDTests" name="testDeleteUserByName" time="1.441"/>
  <testcase classname="api.test.DDTests" name="testDeleteUserByName" time="1.503"/>
</testsuite> <!-- PetTests -->
